<?xml version="1.0" encoding="UTF-8"?>
<coverage generated="1733952140673" clover="3.2.0">
  <project timestamp="1733952140673" name="All files">
    <metrics statements="24" coveredstatements="24" conditionals="14" coveredconditionals="14" methods="4" coveredmethods="4" elements="42" coveredelements="42" complexity="0" loc="24" ncloc="24" packages="1" files="2" classes="2"/>
    <file name="preparation.ts" path="C:\Users\rolandgerm\projects\community\advent-of-craft-2024\exercise\ts\day11\src\christmas\preparation.ts">
      <metrics statements="20" coveredstatements="20" conditionals="12" coveredconditionals="12" methods="3" coveredmethods="3"/>
      <line num="1" count="1" type="stmt"/>
      <line num="3" count="1" type="stmt"/>
      <line num="5" count="5" type="cond" truecount="2" falsecount="0"/>
      <line num="6" count="2" type="stmt"/>
      <line num="7" count="3" type="cond" truecount="1" falsecount="0"/>
      <line num="8" count="2" type="stmt"/>
      <line num="10" count="1" type="stmt"/>
      <line num="14" count="8" type="cond" truecount="2" falsecount="0"/>
      <line num="15" count="2" type="stmt"/>
      <line num="16" count="6" type="cond" truecount="2" falsecount="0"/>
      <line num="17" count="3" type="stmt"/>
      <line num="18" count="3" type="cond" truecount="1" falsecount="0"/>
      <line num="19" count="2" type="stmt"/>
      <line num="21" count="1" type="stmt"/>
      <line num="25" count="7" type="stmt"/>
      <line num="27" count="7" type="cond" truecount="4" falsecount="0"/>
      <line num="29" count="2" type="stmt"/>
      <line num="31" count="2" type="stmt"/>
      <line num="33" count="2" type="stmt"/>
      <line num="35" count="1" type="stmt"/>
    </file>
    <file name="toyType.ts" path="C:\Users\rolandgerm\projects\community\advent-of-craft-2024\exercise\ts\day11\src\christmas\toyType.ts">
      <metrics statements="4" coveredstatements="4" conditionals="2" coveredconditionals="2" methods="1" coveredmethods="1"/>
      <line num="1" count="1" type="cond" truecount="2" falsecount="0"/>
      <line num="2" count="1" type="stmt"/>
      <line num="3" count="1" type="stmt"/>
      <line num="4" count="1" type="stmt"/>
    </file>
  </project>
</coverage>
