{"C:\\Users\\rolandgerm\\projects\\community\\advent-of-craft-2024\\exercise\\ts\\day11\\src\\christmas\\preparation.ts": {"path":"C:\\Users\\rolandgerm\\projects\\community\\advent-of-craft-2024\\exercise\\ts\\day11\\src\\christmas\\preparation.ts","statementMap":{"0":{"start":{"line":1,"column":0},"end":{"line":1,"column":34}},"1":{"start":{"line":5,"column":8},"end":{"line":9,"column":9}},"2":{"start":{"line":6,"column":12},"end":{"line":6,"column":42}},"3":{"start":{"line":7,"column":15},"end":{"line":9,"column":9}},"4":{"start":{"line":8,"column":12},"end":{"line":8,"column":51}},"5":{"start":{"line":10,"column":8},"end":{"line":10,"column":47}},"6":{"start":{"line":14,"column":8},"end":{"line":20,"column":9}},"7":{"start":{"line":15,"column":12},"end":{"line":15,"column":26}},"8":{"start":{"line":16,"column":15},"end":{"line":20,"column":9}},"9":{"start":{"line":17,"column":12},"end":{"line":17,"column":29}},"10":{"start":{"line":18,"column":15},"end":{"line":20,"column":9}},"11":{"start":{"line":19,"column":12},"end":{"line":19,"column":27}},"12":{"start":{"line":21,"column":8},"end":{"line":21,"column":22}},"13":{"start":{"line":25,"column":31},"end":{"line":25,"column":52}},"14":{"start":{"line":27,"column":8},"end":{"line":36,"column":9}},"15":{"start":{"line":29,"column":16},"end":{"line":29,"column":46}},"16":{"start":{"line":31,"column":16},"end":{"line":31,"column":46}},"17":{"start":{"line":33,"column":16},"end":{"line":33,"column":46}},"18":{"start":{"line":35,"column":16},"end":{"line":35,"column":29}},"19":{"start":{"line":3,"column":0},"end":{"line":3,"column":13}}},"fnMap":{"0":{"name":"(anonymous_0)","decl":{"start":{"line":4,"column":4},"end":{"line":4,"column":10}},"loc":{"start":{"line":4,"column":45},"end":{"line":11,"column":5}}},"1":{"name":"(anonymous_1)","decl":{"start":{"line":13,"column":4},"end":{"line":13,"column":10}},"loc":{"start":{"line":13,"column":37},"end":{"line":22,"column":5}}},"2":{"name":"(anonymous_2)","decl":{"start":{"line":24,"column":4},"end":{"line":24,"column":10}},"loc":{"start":{"line":24,"column":82},"end":{"line":37,"column":5}}}},"branchMap":{"0":{"loc":{"start":{"line":5,"column":8},"end":{"line":9,"column":9}},"type":"if","locations":[{"start":{"line":5,"column":8},"end":{"line":9,"column":9}},{"start":{"line":7,"column":15},"end":{"line":9,"column":9}}]},"1":{"loc":{"start":{"line":7,"column":15},"end":{"line":9,"column":9}},"type":"if","locations":[{"start":{"line":7,"column":15},"end":{"line":9,"column":9}}]},"2":{"loc":{"start":{"line":14,"column":8},"end":{"line":20,"column":9}},"type":"if","locations":[{"start":{"line":14,"column":8},"end":{"line":20,"column":9}},{"start":{"line":16,"column":15},"end":{"line":20,"column":9}}]},"3":{"loc":{"start":{"line":16,"column":15},"end":{"line":20,"column":9}},"type":"if","locations":[{"start":{"line":16,"column":15},"end":{"line":20,"column":9}},{"start":{"line":18,"column":15},"end":{"line":20,"column":9}}]},"4":{"loc":{"start":{"line":18,"column":15},"end":{"line":20,"column":9}},"type":"if","locations":[{"start":{"line":18,"column":15},"end":{"line":20,"column":9}}]},"5":{"loc":{"start":{"line":27,"column":8},"end":{"line":36,"column":9}},"type":"switch","locations":[{"start":{"line":28,"column":12},"end":{"line":29,"column":46}},{"start":{"line":30,"column":12},"end":{"line":31,"column":46}},{"start":{"line":32,"column":12},"end":{"line":33,"column":46}},{"start":{"line":34,"column":12},"end":{"line":35,"column":29}}]}},"s":{"0":1,"1":5,"2":2,"3":3,"4":2,"5":1,"6":8,"7":2,"8":6,"9":3,"10":3,"11":2,"12":1,"13":7,"14":7,"15":2,"16":2,"17":2,"18":1,"19":1},"f":{"0":5,"1":8,"2":7},"b":{"0":[2,3],"1":[2],"2":[2,6],"3":[3,3],"4":[2],"5":[2,2,2,1]}}
,"C:\\Users\\rolandgerm\\projects\\community\\advent-of-craft-2024\\exercise\\ts\\day11\\src\\christmas\\toyType.ts": {"path":"C:\\Users\\rolandgerm\\projects\\community\\advent-of-craft-2024\\exercise\\ts\\day11\\src\\christmas\\toyType.ts","statementMap":{"0":{"start":{"line":1,"column":0},"end":{"line":1,"column":null}},"1":{"start":{"line":2,"column":4},"end":{"line":2,"column":null}},"2":{"start":{"line":3,"column":4},"end":{"line":3,"column":null}},"3":{"start":{"line":4,"column":4},"end":{"line":4,"column":null}}},"fnMap":{"0":{"name":"(anonymous_0)","decl":{"start":{"line":1,"column":0},"end":{"line":1,"column":12}},"loc":{"start":{"line":1,"column":19},"end":{"line":5,"column":1}}}},"branchMap":{"0":{"loc":{"start":{"line":1,"column":12},"end":{"line":1,"column":null}},"type":"binary-expr","locations":[{"start":{"line":1,"column":12},"end":{"line":1,"column":19}},{"start":{"line":1,"column":19},"end":{"line":1,"column":null}}]}},"s":{"0":1,"1":1,"2":1,"3":1},"f":{"0":1},"b":{"0":[1,1]}}
}
