TN:
SF:src\christmas\preparation.ts
FN:4,(anonymous_0)
FN:13,(anonymous_1)
FN:24,(anonymous_2)
FNF:3
FNH:3
FNDA:5,(anonymous_0)
FNDA:8,(anonymous_1)
FNDA:7,(anonymous_2)
DA:1,1
DA:3,1
DA:5,5
DA:6,2
DA:7,3
DA:8,2
DA:10,1
DA:14,8
DA:15,2
DA:16,6
DA:17,3
DA:18,3
DA:19,2
DA:21,1
DA:25,7
DA:27,7
DA:29,2
DA:31,2
DA:33,2
DA:35,1
LF:20
LH:20
BRDA:5,0,0,2
BRDA:5,0,1,3
BRDA:7,1,0,2
BRDA:14,2,0,2
BRDA:14,2,1,6
BRDA:16,3,0,3
BRDA:16,3,1,3
BRDA:18,4,0,2
BRDA:27,5,0,2
BRDA:27,5,1,2
BRDA:27,5,2,2
BRDA:27,5,3,1
BRF:12
BRH:12
end_of_record
TN:
SF:src\christmas\toyType.ts
FN:1,(anonymous_0)
FNF:1
FNH:1
FNDA:1,(anonymous_0)
DA:1,1
DA:2,1
DA:3,1
DA:4,1
LF:4
LH:4
BRDA:1,0,0,1
BRDA:1,0,1,1
BRF:2
BRH:2
end_of_record
